e:\mersim\si\labs\lab1\serverapp\serverapp\x64\debug\vc143.pdb
e:\mersim\si\labs\lab1\serverapp\serverapp\x64\debug\vc143.idb
e:\mersim\si\labs\lab1\serverapp\serverapp\x64\debug\warehousewebserver.obj
e:\mersim\si\labs\lab1\serverapp\serverapp\x64\debug\nidaqwebinterface.obj
e:\mersim\si\labs\lab1\serverapp\serverapp\x64\debug\serverapp.obj
e:\mersim\si\labs\lab1\serverapp\serverapp\x64\debug\localcontrol.obj
e:\mersim\si\labs\lab1\serverapp\serverapp\x64\debug\mongoose.obj
e:\mersim\si\labs\lab1\serverapp\serverapp\x64\debug\mqttclientmanager.obj
e:\mersim\si\labs\lab1\serverapp\x64\debug\serverapp.exe
e:\mersim\si\labs\lab1\serverapp\x64\debug\serverapp.pdb
e:\mersim\si\labs\lab1\serverapp\serverapp\x64\debug\serverapp.ilk
e:\mersim\si\labs\lab1\serverapp\serverapp\x64\debug\localcontrol.obj.enc
e:\mersim\si\labs\lab1\serverapp\serverapp\x64\debug\serverapp.tlog\cl.command.1.tlog
e:\mersim\si\labs\lab1\serverapp\serverapp\x64\debug\serverapp.tlog\cl.items.tlog
e:\mersim\si\labs\lab1\serverapp\serverapp\x64\debug\serverapp.tlog\cl.read.1.tlog
e:\mersim\si\labs\lab1\serverapp\serverapp\x64\debug\serverapp.tlog\cl.write.1.tlog
e:\mersim\si\labs\lab1\serverapp\serverapp\x64\debug\serverapp.tlog\link.command.1.tlog
e:\mersim\si\labs\lab1\serverapp\serverapp\x64\debug\serverapp.tlog\link.read.1.tlog
e:\mersim\si\labs\lab1\serverapp\serverapp\x64\debug\serverapp.tlog\link.secondary.1.tlog
e:\mersim\si\labs\lab1\serverapp\serverapp\x64\debug\serverapp.tlog\link.write.1.tlog
